<?xml version="1.0" encoding="UTF-8"?>
<!-- Generated by org.testng.reporters.JUnitXMLReporter -->
<testsuite hostname="hp-PC" ignored="0" name="Default test" tests="5" failures="0" timestamp="06 Jul 2021 04:16:12 GMT" time="80.883" errors="0">
  <testcase name="createVacancyTest" time="1.879" classname="test.VacancyHomePageTest"/>
  <testcase name="createVacancyTest" time="1.445" classname="test.VacancyHomePageTest"/>
  <testcase name="createVacancyTest" time="2.661" classname="test.VacancyHomePageTest"/>
  <testcase name="createVacancyTest" time="1.411" classname="test.VacancyHomePageTest"/>
  <testcase name="createVacancyTest" time="1.371" classname="test.VacancyHomePageTest"/>
</testsuite> <!-- Default test -->
