<?xml version="1.0" encoding="UTF-8"?>
<!-- Generated by org.testng.reporters.JUnitXMLReporter -->
<testsuite hostname="hp-PC" name="Test" tests="2" failures="2" timestamp="5 Jul 2021 12:22:57 GMT" time="10.714" errors="0">
  <testcase name="logoTest" time="0.008" classname="test.LoginTest">
    <failure type="java.lang.NoSuchMethodError" message="org.testng.ITestNGMethod.getQualifiedName()Ljava/lang/String;">
      <![CDATA[java.lang.NoSuchMethodError: org.testng.ITestNGMethod.getQualifiedName()Ljava/lang/String;
	at listeners.ExtentReportListener.onTestStart(ExtentReportListener.java:69)
... Removed 21 stack frames]]>
    </failure>
  </testcase> <!-- logoTest -->
  <testcase name="logoTest" time="10.703" classname="test.LoginTest">
    <failure type="java.lang.NullPointerException">
      <![CDATA[java.lang.NullPointerException
	at Base.BasePage.getScreenshot(BasePage.java:51)
	at listeners.ExtentReportListener.onTestFailure(ExtentReportListener.java:98)
... Removed 21 stack frames]]>
    </failure>
  </testcase> <!-- logoTest -->
</testsuite> <!-- Test -->
