<?xml version="1.0" encoding="UTF-8"?>
<!-- Generated by org.testng.reporters.JUnitXMLReporter -->
<testsuite hostname="hp-PC" ignored="0" name="Test" tests="7" failures="0" timestamp="06 Jul 2021 04:18:36 GMT" time="119.402" errors="0">
  <testcase name="addEmployeeTest" time="1.863" classname="test.PimPageTest"/>
  <testcase name="addUserTest" time="6.809" classname="test.UserPageTest"/>
  <testcase name="createVacancyTest" time="1.469" classname="test.VacancyHomePageTest"/>
  <testcase name="createVacancyTest" time="1.468" classname="test.VacancyHomePageTest"/>
  <testcase name="createVacancyTest" time="1.466" classname="test.VacancyHomePageTest"/>
  <testcase name="createVacancyTest" time="1.575" classname="test.VacancyHomePageTest"/>
  <testcase name="createVacancyTest" time="1.598" classname="test.VacancyHomePageTest"/>
</testsuite> <!-- Test -->
